[0.054s] DEBUG:colcon:Command line arguments: ['/usr/bin/colcon', 'build', '--symlink-install']
[0.054s] DEBUG:colcon:Parsed command line arguments: Namespace(log_base=None, log_level=None, verb_name='build', build_base='build', install_base='install', merge_install=False, symlink_install=True, test_result_base=None, continue_on_error=False, executor='parallel', parallel_workers=20, event_handlers=None, ignore_user_meta=False, metas=['./colcon.meta'], base_paths=['.'], packages_ignore=None, packages_ignore_regex=None, paths=None, packages_up_to=None, packages_up_to_regex=None, packages_above=None, packages_above_and_dependencies=None, packages_above_depth=None, packages_select_by_dep=None, packages_skip_by_dep=None, packages_skip_up_to=None, packages_select_build_failed=False, packages_skip_build_finished=False, packages_select_test_failures=False, packages_skip_test_passed=False, packages_select=None, packages_skip=None, packages_select_regex=None, packages_skip_regex=None, packages_start=None, packages_end=None, allow_overriding=[], cmake_args=None, cmake_target=None, cmake_target_skip_unavailable=False, cmake_clean_cache=False, cmake_clean_first=False, cmake_force_configure=False, ament_cmake_args=None, catkin_cmake_args=None, catkin_skip_building_tests=False, mixin_files=None, mixin=None, verb_parser=<colcon_mixin.mixin.mixin_argument.MixinArgumentDecorator object at 0x776517ae7580>, verb_extension=<colcon_core.verb.build.BuildVerb object at 0x776517ae7010>, main=<bound method BuildVerb.main of <colcon_core.verb.build.BuildVerb object at 0x776517ae7010>>, mixin_verb=('build',))
[0.140s] Level 1:colcon.colcon_core.package_discovery:discover_packages(colcon_meta) check parameters
[0.140s] Level 1:colcon.colcon_core.package_discovery:discover_packages(recursive) check parameters
[0.140s] Level 1:colcon.colcon_core.package_discovery:discover_packages(ignore) check parameters
[0.140s] Level 1:colcon.colcon_core.package_discovery:discover_packages(path) check parameters
[0.140s] Level 1:colcon.colcon_core.package_discovery:discover_packages(colcon_meta) discover
[0.140s] Level 1:colcon.colcon_core.package_discovery:discover_packages(recursive) discover
[0.140s] INFO:colcon.colcon_core.package_discovery:Crawling recursively for packages in '/home/murti/ros2ws/src/testbot'
[0.140s] Level 1:colcon.colcon_core.package_identification:_identify(.) by extensions ['ignore', 'ignore_ament_install']
[0.140s] Level 1:colcon.colcon_core.package_identification:_identify(.) by extension 'ignore'
[0.140s] Level 1:colcon.colcon_core.package_identification:_identify(.) by extension 'ignore_ament_install'
[0.140s] Level 1:colcon.colcon_core.package_identification:_identify(.) by extensions ['colcon_pkg']
[0.140s] Level 1:colcon.colcon_core.package_identification:_identify(.) by extension 'colcon_pkg'
[0.140s] Level 1:colcon.colcon_core.package_identification:_identify(.) by extensions ['colcon_meta']
[0.140s] Level 1:colcon.colcon_core.package_identification:_identify(.) by extension 'colcon_meta'
[0.140s] Level 1:colcon.colcon_core.package_identification:_identify(.) by extensions ['ros']
[0.140s] Level 1:colcon.colcon_core.package_identification:_identify(.) by extension 'ros'
[0.148s] DEBUG:colcon.colcon_core.package_identification:Package '.' with type 'ros.ament_cmake' and name 'testbot'
[0.148s] Level 1:colcon.colcon_core.package_discovery:discover_packages(recursive) using defaults
[0.148s] Level 1:colcon.colcon_core.package_discovery:discover_packages(ignore) discover
[0.148s] Level 1:colcon.colcon_core.package_discovery:discover_packages(ignore) using defaults
[0.148s] Level 1:colcon.colcon_core.package_discovery:discover_packages(path) discover
[0.148s] Level 1:colcon.colcon_core.package_discovery:discover_packages(path) using defaults
[0.163s] Level 1:colcon.colcon_core.package_discovery:discover_packages(prefix_path) check parameters
[0.163s] Level 1:colcon.colcon_core.package_discovery:discover_packages(prefix_path) discover
[0.166s] DEBUG:colcon.colcon_installed_package_information.package_discovery:Found 5 installed packages in /home/murti/ros2ws/src/install
[0.166s] DEBUG:colcon.colcon_installed_package_information.package_discovery:Found 1 installed packages in /home/murti/ros2ws/install
[0.167s] DEBUG:colcon.colcon_installed_package_information.package_discovery:Found 318 installed packages in /opt/ros/humble
[0.167s] Level 1:colcon.colcon_core.package_discovery:discover_packages(prefix_path) using defaults
[0.188s] Level 5:colcon.colcon_core.verb:set package 'testbot' build argument 'cmake_args' from command line to 'None'
[0.188s] Level 5:colcon.colcon_core.verb:set package 'testbot' build argument 'cmake_target' from command line to 'None'
[0.188s] Level 5:colcon.colcon_core.verb:set package 'testbot' build argument 'cmake_target_skip_unavailable' from command line to 'False'
[0.188s] Level 5:colcon.colcon_core.verb:set package 'testbot' build argument 'cmake_clean_cache' from command line to 'False'
[0.188s] Level 5:colcon.colcon_core.verb:set package 'testbot' build argument 'cmake_clean_first' from command line to 'False'
[0.188s] Level 5:colcon.colcon_core.verb:set package 'testbot' build argument 'cmake_force_configure' from command line to 'False'
[0.188s] Level 5:colcon.colcon_core.verb:set package 'testbot' build argument 'ament_cmake_args' from command line to 'None'
[0.188s] Level 5:colcon.colcon_core.verb:set package 'testbot' build argument 'catkin_cmake_args' from command line to 'None'
[0.188s] Level 5:colcon.colcon_core.verb:set package 'testbot' build argument 'catkin_skip_building_tests' from command line to 'False'
[0.188s] DEBUG:colcon.colcon_core.verb:Building package 'testbot' with the following arguments: {'ament_cmake_args': None, 'build_base': '/home/murti/ros2ws/src/testbot/build/testbot', 'catkin_cmake_args': None, 'catkin_skip_building_tests': False, 'cmake_args': None, 'cmake_clean_cache': False, 'cmake_clean_first': False, 'cmake_force_configure': False, 'cmake_target': None, 'cmake_target_skip_unavailable': False, 'install_base': '/home/murti/ros2ws/src/testbot/install/testbot', 'merge_install': False, 'path': '/home/murti/ros2ws/src/testbot', 'symlink_install': True, 'test_result_base': None}
[0.188s] INFO:colcon.colcon_core.executor:Executing jobs using 'parallel' executor
[0.189s] DEBUG:colcon.colcon_parallel_executor.executor.parallel:run_until_complete
[0.189s] INFO:colcon.colcon_ros.task.ament_cmake.build:Building ROS package in '/home/murti/ros2ws/src/testbot' with build type 'ament_cmake'
[0.189s] INFO:colcon.colcon_cmake.task.cmake.build:Building CMake package in '/home/murti/ros2ws/src/testbot'
[0.192s] INFO:colcon.colcon_core.plugin_system:Skipping extension 'colcon_core.shell.bat': Not used on non-Windows systems
[0.192s] INFO:colcon.colcon_core.shell:Skip shell extension 'powershell' for command environment: Not usable outside of PowerShell
[0.192s] DEBUG:colcon.colcon_core.shell:Skip shell extension 'dsv' for command environment
[0.198s] DEBUG:colcon.colcon_core.event_handler.log_command:Invoking command in '/home/murti/ros2ws/src/testbot/build/testbot': CMAKE_PREFIX_PATH=${CMAKE_PREFIX_PATH}:/home/murti/ros2ws/src/install/my_rc:/home/murti/ros2ws/src/install/first_pkg:/home/murti/ros2ws/install/my_rc:/opt/ros/humble /usr/bin/cmake /home/murti/ros2ws/src/testbot -DAMENT_CMAKE_SYMLINK_INSTALL=1 -DCMAKE_INSTALL_PREFIX=/home/murti/ros2ws/src/testbot/install/testbot
[0.939s] DEBUG:colcon.colcon_core.event_handler.log_command:Invoked command in '/home/murti/ros2ws/src/testbot/build/testbot' returned '0': CMAKE_PREFIX_PATH=${CMAKE_PREFIX_PATH}:/home/murti/ros2ws/src/install/my_rc:/home/murti/ros2ws/src/install/first_pkg:/home/murti/ros2ws/install/my_rc:/opt/ros/humble /usr/bin/cmake /home/murti/ros2ws/src/testbot -DAMENT_CMAKE_SYMLINK_INSTALL=1 -DCMAKE_INSTALL_PREFIX=/home/murti/ros2ws/src/testbot/install/testbot
[0.940s] DEBUG:colcon.colcon_core.event_handler.log_command:Invoking command in '/home/murti/ros2ws/src/testbot/build/testbot': CMAKE_PREFIX_PATH=${CMAKE_PREFIX_PATH}:/home/murti/ros2ws/src/install/my_rc:/home/murti/ros2ws/src/install/first_pkg:/home/murti/ros2ws/install/my_rc:/opt/ros/humble /usr/bin/cmake --build /home/murti/ros2ws/src/testbot/build/testbot -- -j20 -l20
[0.981s] DEBUG:colcon.colcon_core.event_handler.log_command:Invoked command in '/home/murti/ros2ws/src/testbot/build/testbot' returned '0': CMAKE_PREFIX_PATH=${CMAKE_PREFIX_PATH}:/home/murti/ros2ws/src/install/my_rc:/home/murti/ros2ws/src/install/first_pkg:/home/murti/ros2ws/install/my_rc:/opt/ros/humble /usr/bin/cmake --build /home/murti/ros2ws/src/testbot/build/testbot -- -j20 -l20
[1.029s] DEBUG:colcon.colcon_core.event_handler.log_command:Invoking command in '/home/murti/ros2ws/src/testbot/build/testbot': CMAKE_PREFIX_PATH=${CMAKE_PREFIX_PATH}:/home/murti/ros2ws/src/install/my_rc:/home/murti/ros2ws/src/install/first_pkg:/home/murti/ros2ws/install/my_rc:/opt/ros/humble /usr/bin/cmake --install /home/murti/ros2ws/src/testbot/build/testbot
[1.211s] Level 1:colcon.colcon_core.environment:create_environment_scripts_only(testbot)
[1.212s] DEBUG:colcon.colcon_core.event_handler.log_command:Invoked command in '/home/murti/ros2ws/src/testbot/build/testbot' returned '0': CMAKE_PREFIX_PATH=${CMAKE_PREFIX_PATH}:/home/murti/ros2ws/src/install/my_rc:/home/murti/ros2ws/src/install/first_pkg:/home/murti/ros2ws/install/my_rc:/opt/ros/humble /usr/bin/cmake --install /home/murti/ros2ws/src/testbot/build/testbot
[1.215s] Level 1:colcon.colcon_core.environment:checking '/home/murti/ros2ws/src/testbot/install/testbot' for CMake module files
[1.216s] Level 1:colcon.colcon_core.environment:checking '/home/murti/ros2ws/src/testbot/install/testbot' for CMake config files
[1.216s] Level 1:colcon.colcon_core.shell:create_environment_hook('testbot', 'cmake_prefix_path')
[1.216s] INFO:colcon.colcon_core.shell:Creating environment hook '/home/murti/ros2ws/src/testbot/install/testbot/share/testbot/hook/cmake_prefix_path.ps1'
[1.217s] INFO:colcon.colcon_core.shell:Creating environment descriptor '/home/murti/ros2ws/src/testbot/install/testbot/share/testbot/hook/cmake_prefix_path.dsv'
[1.217s] INFO:colcon.colcon_core.shell:Creating environment hook '/home/murti/ros2ws/src/testbot/install/testbot/share/testbot/hook/cmake_prefix_path.sh'
[1.218s] Level 1:colcon.colcon_core.environment:checking '/home/murti/ros2ws/src/testbot/install/testbot/bin'
[1.218s] Level 1:colcon.colcon_core.environment:checking '/home/murti/ros2ws/src/testbot/install/testbot/lib/pkgconfig/testbot.pc'
[1.218s] Level 1:colcon.colcon_core.environment:checking '/home/murti/ros2ws/src/testbot/install/testbot/lib/python3.10/site-packages'
[1.219s] Level 1:colcon.colcon_core.environment:checking '/home/murti/ros2ws/src/testbot/install/testbot/bin'
[1.219s] INFO:colcon.colcon_core.shell:Creating package script '/home/murti/ros2ws/src/testbot/install/testbot/share/testbot/package.ps1'
[1.220s] INFO:colcon.colcon_core.shell:Creating package descriptor '/home/murti/ros2ws/src/testbot/install/testbot/share/testbot/package.dsv'
[1.220s] INFO:colcon.colcon_core.shell:Creating package script '/home/murti/ros2ws/src/testbot/install/testbot/share/testbot/package.sh'
[1.221s] INFO:colcon.colcon_core.shell:Creating package script '/home/murti/ros2ws/src/testbot/install/testbot/share/testbot/package.bash'
[1.222s] INFO:colcon.colcon_core.shell:Creating package script '/home/murti/ros2ws/src/testbot/install/testbot/share/testbot/package.zsh'
[1.222s] Level 1:colcon.colcon_core.environment:create_file_with_runtime_dependencies(/home/murti/ros2ws/src/testbot/install/testbot/share/colcon-core/packages/testbot)
[1.256s] Level 1:colcon.colcon_core.environment:create_environment_scripts_only(testbot)
[1.256s] Level 1:colcon.colcon_core.environment:checking '/home/murti/ros2ws/src/testbot/install/testbot' for CMake module files
[1.257s] Level 1:colcon.colcon_core.environment:checking '/home/murti/ros2ws/src/testbot/install/testbot' for CMake config files
[1.257s] Level 1:colcon.colcon_core.shell:create_environment_hook('testbot', 'cmake_prefix_path')
[1.258s] INFO:colcon.colcon_core.shell:Creating environment hook '/home/murti/ros2ws/src/testbot/install/testbot/share/testbot/hook/cmake_prefix_path.ps1'
[1.258s] INFO:colcon.colcon_core.shell:Creating environment descriptor '/home/murti/ros2ws/src/testbot/install/testbot/share/testbot/hook/cmake_prefix_path.dsv'
[1.259s] INFO:colcon.colcon_core.shell:Creating environment hook '/home/murti/ros2ws/src/testbot/install/testbot/share/testbot/hook/cmake_prefix_path.sh'
[1.260s] Level 1:colcon.colcon_core.environment:checking '/home/murti/ros2ws/src/testbot/install/testbot/bin'
[1.260s] Level 1:colcon.colcon_core.environment:checking '/home/murti/ros2ws/src/testbot/install/testbot/lib/pkgconfig/testbot.pc'
[1.261s] Level 1:colcon.colcon_core.environment:checking '/home/murti/ros2ws/src/testbot/install/testbot/lib/python3.10/site-packages'
[1.261s] Level 1:colcon.colcon_core.environment:checking '/home/murti/ros2ws/src/testbot/install/testbot/bin'
[1.262s] INFO:colcon.colcon_core.shell:Creating package script '/home/murti/ros2ws/src/testbot/install/testbot/share/testbot/package.ps1'
[1.263s] INFO:colcon.colcon_core.shell:Creating package descriptor '/home/murti/ros2ws/src/testbot/install/testbot/share/testbot/package.dsv'
[1.264s] INFO:colcon.colcon_core.shell:Creating package script '/home/murti/ros2ws/src/testbot/install/testbot/share/testbot/package.sh'
[1.265s] INFO:colcon.colcon_core.shell:Creating package script '/home/murti/ros2ws/src/testbot/install/testbot/share/testbot/package.bash'
[1.266s] INFO:colcon.colcon_core.shell:Creating package script '/home/murti/ros2ws/src/testbot/install/testbot/share/testbot/package.zsh'
[1.266s] Level 1:colcon.colcon_core.environment:create_file_with_runtime_dependencies(/home/murti/ros2ws/src/testbot/install/testbot/share/colcon-core/packages/testbot)
[1.267s] DEBUG:colcon.colcon_parallel_executor.executor.parallel:closing loop
[1.268s] DEBUG:colcon.colcon_parallel_executor.executor.parallel:loop closed
[1.268s] DEBUG:colcon.colcon_parallel_executor.executor.parallel:run_until_complete finished with '0'
[1.268s] DEBUG:colcon.colcon_core.event_reactor:joining thread
[1.282s] INFO:colcon.colcon_core.plugin_system:Skipping extension 'colcon_notification.desktop_notification.terminal_notifier': Not used on non-Darwin systems
[1.282s] INFO:colcon.colcon_core.plugin_system:Skipping extension 'colcon_notification.desktop_notification.win32': Not used on non-Windows systems
[1.282s] INFO:colcon.colcon_notification.desktop_notification:Sending desktop notification using 'notify2'
[1.303s] DEBUG:colcon.colcon_core.event_reactor:joined thread
[1.304s] INFO:colcon.colcon_core.shell:Creating prefix script '/home/murti/ros2ws/src/testbot/install/local_setup.ps1'
[1.305s] INFO:colcon.colcon_core.shell:Creating prefix util module '/home/murti/ros2ws/src/testbot/install/_local_setup_util_ps1.py'
[1.307s] INFO:colcon.colcon_core.shell:Creating prefix chain script '/home/murti/ros2ws/src/testbot/install/setup.ps1'
[1.308s] INFO:colcon.colcon_core.shell:Creating prefix script '/home/murti/ros2ws/src/testbot/install/local_setup.sh'
[1.308s] INFO:colcon.colcon_core.shell:Creating prefix util module '/home/murti/ros2ws/src/testbot/install/_local_setup_util_sh.py'
[1.309s] INFO:colcon.colcon_core.shell:Creating prefix chain script '/home/murti/ros2ws/src/testbot/install/setup.sh'
[1.309s] INFO:colcon.colcon_core.shell:Creating prefix script '/home/murti/ros2ws/src/testbot/install/local_setup.bash'
[1.310s] INFO:colcon.colcon_core.shell:Creating prefix chain script '/home/murti/ros2ws/src/testbot/install/setup.bash'
[1.311s] INFO:colcon.colcon_core.shell:Creating prefix script '/home/murti/ros2ws/src/testbot/install/local_setup.zsh'
[1.311s] INFO:colcon.colcon_core.shell:Creating prefix chain script '/home/murti/ros2ws/src/testbot/install/setup.zsh'
