[0.055s] DEBUG:colcon:Command line arguments: ['/usr/bin/colcon', 'build', '--symlink-install']
[0.055s] DEBUG:colcon:Parsed command line arguments: Namespace(log_base=None, log_level=None, verb_name='build', build_base='build', install_base='install', merge_install=False, symlink_install=True, test_result_base=None, continue_on_error=False, executor='parallel', parallel_workers=20, event_handlers=None, ignore_user_meta=False, metas=['./colcon.meta'], base_paths=['.'], packages_ignore=None, packages_ignore_regex=None, paths=None, packages_up_to=None, packages_up_to_regex=None, packages_above=None, packages_above_and_dependencies=None, packages_above_depth=None, packages_select_by_dep=None, packages_skip_by_dep=None, packages_skip_up_to=None, packages_select_build_failed=False, packages_skip_build_finished=False, packages_select_test_failures=False, packages_skip_test_passed=False, packages_select=None, packages_skip=None, packages_select_regex=None, packages_skip_regex=None, packages_start=None, packages_end=None, allow_overriding=[], cmake_args=None, cmake_target=None, cmake_target_skip_unavailable=False, cmake_clean_cache=False, cmake_clean_first=False, cmake_force_configure=False, ament_cmake_args=None, catkin_cmake_args=None, catkin_skip_building_tests=False, mixin_files=None, mixin=None, verb_parser=<colcon_mixin.mixin.mixin_argument.MixinArgumentDecorator object at 0x75f137c0c040>, verb_extension=<colcon_core.verb.build.BuildVerb object at 0x75f137bd3b20>, main=<bound method BuildVerb.main of <colcon_core.verb.build.BuildVerb object at 0x75f137bd3b20>>, mixin_verb=('build',))
[0.144s] Level 1:colcon.colcon_core.package_discovery:discover_packages(colcon_meta) check parameters
[0.144s] Level 1:colcon.colcon_core.package_discovery:discover_packages(recursive) check parameters
[0.144s] Level 1:colcon.colcon_core.package_discovery:discover_packages(ignore) check parameters
[0.144s] Level 1:colcon.colcon_core.package_discovery:discover_packages(path) check parameters
[0.144s] Level 1:colcon.colcon_core.package_discovery:discover_packages(colcon_meta) discover
[0.144s] Level 1:colcon.colcon_core.package_discovery:discover_packages(recursive) discover
[0.144s] INFO:colcon.colcon_core.package_discovery:Crawling recursively for packages in '/home/murti/ros2ws/src/testbot'
[0.144s] Level 1:colcon.colcon_core.package_identification:_identify(.) by extensions ['ignore', 'ignore_ament_install']
[0.144s] Level 1:colcon.colcon_core.package_identification:_identify(.) by extension 'ignore'
[0.144s] Level 1:colcon.colcon_core.package_identification:_identify(.) by extension 'ignore_ament_install'
[0.144s] Level 1:colcon.colcon_core.package_identification:_identify(.) by extensions ['colcon_pkg']
[0.144s] Level 1:colcon.colcon_core.package_identification:_identify(.) by extension 'colcon_pkg'
[0.144s] Level 1:colcon.colcon_core.package_identification:_identify(.) by extensions ['colcon_meta']
[0.144s] Level 1:colcon.colcon_core.package_identification:_identify(.) by extension 'colcon_meta'
[0.144s] Level 1:colcon.colcon_core.package_identification:_identify(.) by extensions ['ros']
[0.144s] Level 1:colcon.colcon_core.package_identification:_identify(.) by extension 'ros'
[0.156s] DEBUG:colcon.colcon_core.package_identification:Package '.' with type 'ros.ament_cmake' and name 'testbot'
[0.156s] Level 1:colcon.colcon_core.package_discovery:discover_packages(recursive) using defaults
[0.156s] Level 1:colcon.colcon_core.package_discovery:discover_packages(ignore) discover
[0.156s] Level 1:colcon.colcon_core.package_discovery:discover_packages(ignore) using defaults
[0.156s] Level 1:colcon.colcon_core.package_discovery:discover_packages(path) discover
[0.156s] Level 1:colcon.colcon_core.package_discovery:discover_packages(path) using defaults
[0.166s] Level 1:colcon.colcon_core.package_discovery:discover_packages(prefix_path) check parameters
[0.166s] Level 1:colcon.colcon_core.package_discovery:discover_packages(prefix_path) discover
[0.167s] DEBUG:colcon.colcon_installed_package_information.package_discovery:Found 7 installed packages in /home/murti/ros2ws/src/install
[0.167s] DEBUG:colcon.colcon_installed_package_information.package_discovery:Found 1 installed packages in /home/murti/ros2ws/install
[0.168s] DEBUG:colcon.colcon_installed_package_information.package_discovery:Found 379 installed packages in /opt/ros/humble
[0.170s] Level 1:colcon.colcon_core.package_discovery:discover_packages(prefix_path) using defaults
[0.190s] Level 5:colcon.colcon_core.verb:set package 'testbot' build argument 'cmake_args' from command line to 'None'
[0.191s] Level 5:colcon.colcon_core.verb:set package 'testbot' build argument 'cmake_target' from command line to 'None'
[0.191s] Level 5:colcon.colcon_core.verb:set package 'testbot' build argument 'cmake_target_skip_unavailable' from command line to 'False'
[0.191s] Level 5:colcon.colcon_core.verb:set package 'testbot' build argument 'cmake_clean_cache' from command line to 'False'
[0.191s] Level 5:colcon.colcon_core.verb:set package 'testbot' build argument 'cmake_clean_first' from command line to 'False'
[0.191s] Level 5:colcon.colcon_core.verb:set package 'testbot' build argument 'cmake_force_configure' from command line to 'False'
[0.191s] Level 5:colcon.colcon_core.verb:set package 'testbot' build argument 'ament_cmake_args' from command line to 'None'
[0.191s] Level 5:colcon.colcon_core.verb:set package 'testbot' build argument 'catkin_cmake_args' from command line to 'None'
[0.191s] Level 5:colcon.colcon_core.verb:set package 'testbot' build argument 'catkin_skip_building_tests' from command line to 'False'
[0.191s] DEBUG:colcon.colcon_core.verb:Building package 'testbot' with the following arguments: {'ament_cmake_args': None, 'build_base': '/home/murti/ros2ws/src/testbot/build/testbot', 'catkin_cmake_args': None, 'catkin_skip_building_tests': False, 'cmake_args': None, 'cmake_clean_cache': False, 'cmake_clean_first': False, 'cmake_force_configure': False, 'cmake_target': None, 'cmake_target_skip_unavailable': False, 'install_base': '/home/murti/ros2ws/src/testbot/install/testbot', 'merge_install': False, 'path': '/home/murti/ros2ws/src/testbot', 'symlink_install': True, 'test_result_base': None}
[0.191s] INFO:colcon.colcon_core.executor:Executing jobs using 'parallel' executor
[0.191s] DEBUG:colcon.colcon_parallel_executor.executor.parallel:run_until_complete
[0.191s] INFO:colcon.colcon_ros.task.ament_cmake.build:Building ROS package in '/home/murti/ros2ws/src/testbot' with build type 'ament_cmake'
[0.192s] INFO:colcon.colcon_cmake.task.cmake.build:Building CMake package in '/home/murti/ros2ws/src/testbot'
[0.193s] INFO:colcon.colcon_core.plugin_system:Skipping extension 'colcon_core.shell.bat': Not used on non-Windows systems
[0.193s] INFO:colcon.colcon_core.shell:Skip shell extension 'powershell' for command environment: Not usable outside of PowerShell
[0.193s] DEBUG:colcon.colcon_core.shell:Skip shell extension 'dsv' for command environment
[0.198s] DEBUG:colcon.colcon_core.event_handler.log_command:Invoking command in '/home/murti/ros2ws/src/testbot/build/testbot': CMAKE_PREFIX_PATH=${CMAKE_PREFIX_PATH}:/home/murti/ros2ws/src/install/my_rc:/home/murti/ros2ws/src/install/first_pkg:/home/murti/ros2ws/install/my_rc:/opt/ros/humble /usr/bin/cmake --build /home/murti/ros2ws/src/testbot/build/testbot -- -j20 -l20
[0.236s] DEBUG:colcon.colcon_core.event_handler.log_command:Invoked command in '/home/murti/ros2ws/src/testbot/build/testbot' returned '0': CMAKE_PREFIX_PATH=${CMAKE_PREFIX_PATH}:/home/murti/ros2ws/src/install/my_rc:/home/murti/ros2ws/src/install/first_pkg:/home/murti/ros2ws/install/my_rc:/opt/ros/humble /usr/bin/cmake --build /home/murti/ros2ws/src/testbot/build/testbot -- -j20 -l20
[0.290s] DEBUG:colcon.colcon_core.event_handler.log_command:Invoking command in '/home/murti/ros2ws/src/testbot/build/testbot': CMAKE_PREFIX_PATH=${CMAKE_PREFIX_PATH}:/home/murti/ros2ws/src/install/my_rc:/home/murti/ros2ws/src/install/first_pkg:/home/murti/ros2ws/install/my_rc:/opt/ros/humble /usr/bin/cmake --install /home/murti/ros2ws/src/testbot/build/testbot
[0.384s] Level 1:colcon.colcon_core.environment:create_environment_scripts_only(testbot)
[0.385s] DEBUG:colcon.colcon_core.event_handler.log_command:Invoked command in '/home/murti/ros2ws/src/testbot/build/testbot' returned '0': CMAKE_PREFIX_PATH=${CMAKE_PREFIX_PATH}:/home/murti/ros2ws/src/install/my_rc:/home/murti/ros2ws/src/install/first_pkg:/home/murti/ros2ws/install/my_rc:/opt/ros/humble /usr/bin/cmake --install /home/murti/ros2ws/src/testbot/build/testbot
[0.388s] Level 1:colcon.colcon_core.environment:checking '/home/murti/ros2ws/src/testbot/install/testbot' for CMake module files
[0.389s] Level 1:colcon.colcon_core.environment:checking '/home/murti/ros2ws/src/testbot/install/testbot' for CMake config files
[0.389s] Level 1:colcon.colcon_core.shell:create_environment_hook('testbot', 'cmake_prefix_path')
[0.390s] INFO:colcon.colcon_core.shell:Creating environment hook '/home/murti/ros2ws/src/testbot/install/testbot/share/testbot/hook/cmake_prefix_path.ps1'
[0.392s] INFO:colcon.colcon_core.shell:Creating environment descriptor '/home/murti/ros2ws/src/testbot/install/testbot/share/testbot/hook/cmake_prefix_path.dsv'
[0.393s] INFO:colcon.colcon_core.shell:Creating environment hook '/home/murti/ros2ws/src/testbot/install/testbot/share/testbot/hook/cmake_prefix_path.sh'
[0.394s] Level 1:colcon.colcon_core.environment:checking '/home/murti/ros2ws/src/testbot/install/testbot/bin'
[0.394s] Level 1:colcon.colcon_core.environment:checking '/home/murti/ros2ws/src/testbot/install/testbot/lib/pkgconfig/testbot.pc'
[0.395s] Level 1:colcon.colcon_core.environment:checking '/home/murti/ros2ws/src/testbot/install/testbot/lib/python3.10/site-packages'
[0.395s] Level 1:colcon.colcon_core.environment:checking '/home/murti/ros2ws/src/testbot/install/testbot/bin'
[0.396s] INFO:colcon.colcon_core.shell:Creating package script '/home/murti/ros2ws/src/testbot/install/testbot/share/testbot/package.ps1'
[0.397s] INFO:colcon.colcon_core.shell:Creating package descriptor '/home/murti/ros2ws/src/testbot/install/testbot/share/testbot/package.dsv'
[0.397s] INFO:colcon.colcon_core.shell:Creating package script '/home/murti/ros2ws/src/testbot/install/testbot/share/testbot/package.sh'
[0.398s] INFO:colcon.colcon_core.shell:Creating package script '/home/murti/ros2ws/src/testbot/install/testbot/share/testbot/package.bash'
[0.399s] INFO:colcon.colcon_core.shell:Creating package script '/home/murti/ros2ws/src/testbot/install/testbot/share/testbot/package.zsh'
[0.399s] Level 1:colcon.colcon_core.environment:create_file_with_runtime_dependencies(/home/murti/ros2ws/src/testbot/install/testbot/share/colcon-core/packages/testbot)
[0.420s] Level 1:colcon.colcon_core.environment:create_environment_scripts_only(testbot)
[0.421s] Level 1:colcon.colcon_core.environment:checking '/home/murti/ros2ws/src/testbot/install/testbot' for CMake module files
[0.421s] Level 1:colcon.colcon_core.environment:checking '/home/murti/ros2ws/src/testbot/install/testbot' for CMake config files
[0.422s] Level 1:colcon.colcon_core.shell:create_environment_hook('testbot', 'cmake_prefix_path')
[0.422s] INFO:colcon.colcon_core.shell:Creating environment hook '/home/murti/ros2ws/src/testbot/install/testbot/share/testbot/hook/cmake_prefix_path.ps1'
[0.423s] INFO:colcon.colcon_core.shell:Creating environment descriptor '/home/murti/ros2ws/src/testbot/install/testbot/share/testbot/hook/cmake_prefix_path.dsv'
[0.423s] INFO:colcon.colcon_core.shell:Creating environment hook '/home/murti/ros2ws/src/testbot/install/testbot/share/testbot/hook/cmake_prefix_path.sh'
[0.424s] Level 1:colcon.colcon_core.environment:checking '/home/murti/ros2ws/src/testbot/install/testbot/bin'
[0.424s] Level 1:colcon.colcon_core.environment:checking '/home/murti/ros2ws/src/testbot/install/testbot/lib/pkgconfig/testbot.pc'
[0.425s] Level 1:colcon.colcon_core.environment:checking '/home/murti/ros2ws/src/testbot/install/testbot/lib/python3.10/site-packages'
[0.425s] Level 1:colcon.colcon_core.environment:checking '/home/murti/ros2ws/src/testbot/install/testbot/bin'
[0.427s] INFO:colcon.colcon_core.shell:Creating package script '/home/murti/ros2ws/src/testbot/install/testbot/share/testbot/package.ps1'
[0.428s] INFO:colcon.colcon_core.shell:Creating package descriptor '/home/murti/ros2ws/src/testbot/install/testbot/share/testbot/package.dsv'
[0.429s] INFO:colcon.colcon_core.shell:Creating package script '/home/murti/ros2ws/src/testbot/install/testbot/share/testbot/package.sh'
[0.430s] INFO:colcon.colcon_core.shell:Creating package script '/home/murti/ros2ws/src/testbot/install/testbot/share/testbot/package.bash'
[0.430s] INFO:colcon.colcon_core.shell:Creating package script '/home/murti/ros2ws/src/testbot/install/testbot/share/testbot/package.zsh'
[0.431s] Level 1:colcon.colcon_core.environment:create_file_with_runtime_dependencies(/home/murti/ros2ws/src/testbot/install/testbot/share/colcon-core/packages/testbot)
[0.431s] DEBUG:colcon.colcon_parallel_executor.executor.parallel:closing loop
[0.432s] DEBUG:colcon.colcon_parallel_executor.executor.parallel:loop closed
[0.432s] DEBUG:colcon.colcon_parallel_executor.executor.parallel:run_until_complete finished with '0'
[0.432s] DEBUG:colcon.colcon_core.event_reactor:joining thread
[0.443s] INFO:colcon.colcon_core.plugin_system:Skipping extension 'colcon_notification.desktop_notification.terminal_notifier': Not used on non-Darwin systems
[0.443s] INFO:colcon.colcon_core.plugin_system:Skipping extension 'colcon_notification.desktop_notification.win32': Not used on non-Windows systems
[0.443s] INFO:colcon.colcon_notification.desktop_notification:Sending desktop notification using 'notify2'
[0.465s] DEBUG:colcon.colcon_core.event_reactor:joined thread
[0.465s] INFO:colcon.colcon_core.shell:Creating prefix script '/home/murti/ros2ws/src/testbot/install/local_setup.ps1'
[0.467s] INFO:colcon.colcon_core.shell:Creating prefix util module '/home/murti/ros2ws/src/testbot/install/_local_setup_util_ps1.py'
[0.469s] INFO:colcon.colcon_core.shell:Creating prefix chain script '/home/murti/ros2ws/src/testbot/install/setup.ps1'
[0.472s] INFO:colcon.colcon_core.shell:Creating prefix script '/home/murti/ros2ws/src/testbot/install/local_setup.sh'
[0.473s] INFO:colcon.colcon_core.shell:Creating prefix util module '/home/murti/ros2ws/src/testbot/install/_local_setup_util_sh.py'
[0.474s] INFO:colcon.colcon_core.shell:Creating prefix chain script '/home/murti/ros2ws/src/testbot/install/setup.sh'
[0.477s] INFO:colcon.colcon_core.shell:Creating prefix script '/home/murti/ros2ws/src/testbot/install/local_setup.bash'
[0.478s] INFO:colcon.colcon_core.shell:Creating prefix chain script '/home/murti/ros2ws/src/testbot/install/setup.bash'
[0.480s] INFO:colcon.colcon_core.shell:Creating prefix script '/home/murti/ros2ws/src/testbot/install/local_setup.zsh'
[0.481s] INFO:colcon.colcon_core.shell:Creating prefix chain script '/home/murti/ros2ws/src/testbot/install/setup.zsh'
